1767868102651|2|statement|connection 0|url jdbc:mariadb://localhost:32769/test?user=test&password=***|SELECT @@GLOBAL.WSREP_ON|SELECT @@GLOBAL.WSREP_ON
1767868102652|0|statement|connection 0|url jdbc:mariadb://localhost:32769/test?user=test&password=***|SELECT event_name FROM information_schema.events LIMIT 1|SELECT event_name FROM information_schema.events LIMIT 1
1767868102654|0|statement|connection 0|url jdbc:mariadb://localhost:32769/test?user=test&password=***|SELECT DATABASE()|SELECT DATABASE()
1767868102654|0|statement|connection 0|url jdbc:mariadb://localhost:32769/test?user=test&password=***|SELECT version()|SELECT version()
1767868102654|0|statement|connection 0|url jdbc:mariadb://localhost:32769/test?user=test&password=***|SELECT variable_name FROM information_schema.user_variables WHERE variable_value IS NOT NULL|SELECT variable_name FROM information_schema.user_variables WHERE variable_value IS NOT NULL
1767868102655|0|statement|connection 0|url jdbc:mariadb://localhost:32769/test?user=test&password=***|SELECT @@foreign_key_checks|SELECT @@foreign_key_checks
1767868102655|0|statement|connection 0|url jdbc:mariadb://localhost:32769/test?user=test&password=***|SELECT @@sql_safe_updates|SELECT @@sql_safe_updates
1767868102655|0|statement|connection 0|url jdbc:mariadb://localhost:32769/test?user=test&password=***|SHOW DATABASES LIKE 'RDSAdmin';|SHOW DATABASES LIKE 'RDSAdmin';
1767868102655|0|statement|connection 0|url jdbc:mariadb://localhost:32769/test?user=test&password=***|SELECT DATABASE()|SELECT DATABASE()
1767868102656|0|statement|connection 0|url jdbc:mariadb://localhost:32769/test?user=test&password=***|SELECT DATABASE()|SELECT DATABASE()
1767868102656|0|statement|connection 0|url jdbc:mariadb://localhost:32769/test?user=test&password=***|SELECT SUBSTRING_INDEX(USER(),'@',1)|SELECT SUBSTRING_INDEX(USER(),'@',1)
1767868102660|0|statement|connection 0|url jdbc:mariadb://localhost:32769/test?user=test&password=***|SELECT COUNT(1) FROM information_schema.schemata WHERE schema_name=? LIMIT 1|SELECT COUNT(1) FROM information_schema.schemata WHERE schema_name='test' LIMIT 1
1767868102666|0|statement|connection 0|url jdbc:mariadb://localhost:32769/test?user=test&password=***|SELECT variable_name FROM information_schema.user_variables WHERE variable_value IS NOT NULL|SELECT variable_name FROM information_schema.user_variables WHERE variable_value IS NOT NULL
1767868102666|0|statement|connection 0|url jdbc:mariadb://localhost:32769/test?user=test&password=***|SET foreign_key_checks=?, sql_safe_updates=?|SET foreign_key_checks=1, sql_safe_updates=0
1767868102667|0|commit|connection 0|url jdbc:mariadb://localhost:32769/test?user=test&password=***||
1767868102669|0|statement|connection 0|url jdbc:mariadb://localhost:32769/test?user=test&password=***|SELECT COUNT(1) FROM information_schema.schemata WHERE schema_name=? LIMIT 1|SELECT COUNT(1) FROM information_schema.schemata WHERE schema_name='test' LIMIT 1
1767868102669|0|commit|connection 0|url jdbc:mariadb://localhost:32769/test?user=test&password=***||
1767868102669|0|statement|connection 0|url jdbc:mariadb://localhost:32769/test?user=test&password=***|SELECT variable_name FROM information_schema.user_variables WHERE variable_value IS NOT NULL|SELECT variable_name FROM information_schema.user_variables WHERE variable_value IS NOT NULL
1767868102670|0|statement|connection 0|url jdbc:mariadb://localhost:32769/test?user=test&password=***|SET foreign_key_checks=?, sql_safe_updates=?|SET foreign_key_checks=1, sql_safe_updates=0
1767868102670|0|statement|connection 0|url jdbc:mariadb://localhost:32769/test?user=test&password=***|SELECT COUNT(1) FROM information_schema.schemata WHERE schema_name=? LIMIT 1|SELECT COUNT(1) FROM information_schema.schemata WHERE schema_name='test' LIMIT 1
1767868102671|0|statement|connection 0|url jdbc:mariadb://localhost:32769/test?user=test&password=***|SELECT SUM(found) FROM ((SELECT 1 as found FROM information_schema.tables WHERE table_schema=?) UNION ALL (SELECT 1 as found FROM information_schema.views WHERE table_schema=? LIMIT 1) UNION ALL (SELECT 1 as found FROM information_schema.table_constraints WHERE table_schema=? LIMIT 1) UNION ALL (SELECT 1 as found FROM information_schema.triggers WHERE event_object_schema=?  LIMIT 1) UNION ALL (SELECT 1 as found FROM information_schema.routines WHERE routine_schema=? LIMIT 1) UNION ALL (SELECT 1 as found FROM information_schema.events WHERE event_schema=? LIMIT 1)) as all_found|SELECT SUM(found) FROM ((SELECT 1 as found FROM information_schema.tables WHERE table_schema='test') UNION ALL (SELECT 1 as found FROM information_schema.views WHERE table_schema='test' LIMIT 1) UNION ALL (SELECT 1 as found FROM information_schema.table_constraints WHERE table_schema='test' LIMIT 1) UNION ALL (SELECT 1 as found FROM information_schema.triggers WHERE event_object_schema='test'  LIMIT 1) UNION ALL (SELECT 1 as found FROM information_schema.routines WHERE routine_schema='test' LIMIT 1) UNION ALL (SELECT 1 as found FROM information_schema.events WHERE event_schema='test' LIMIT 1)) as all_found
1767868102672|0|statement|connection 0|url jdbc:mariadb://localhost:32769/test?user=test&password=***|SELECT GET_LOCK(?,10)|SELECT GET_LOCK('Flyway--562162009',10)
1767868102672|0|statement|connection 0|url jdbc:mariadb://localhost:32769/test?user=test&password=***|SELECT variable_name FROM information_schema.user_variables WHERE variable_value IS NOT NULL|SELECT variable_name FROM information_schema.user_variables WHERE variable_value IS NOT NULL
1767868102672|0|statement|connection 0|url jdbc:mariadb://localhost:32769/test?user=test&password=***|SET foreign_key_checks=?, sql_safe_updates=?|SET foreign_key_checks=1, sql_safe_updates=0
1767868102693|14|statement|connection 0|url jdbc:mariadb://localhost:32769/test?user=test&password=***|CREATE TABLE `test`.`flyway_schema_history` (     `installed_rank` INT NOT NULL,     `version` VARCHAR(50),     `description` VARCHAR(200) NOT NULL,     `type` VARCHAR(20) NOT NULL,     `script` VARCHAR(1000) NOT NULL,     `checksum` INT,     `installed_by` VARCHAR(100) NOT NULL,     `installed_on` TIMESTAMP NOT NULL DEFAULT CURRENT_TIMESTAMP,     `execution_time` INT NOT NULL,     `success` BOOL NOT NULL,     CONSTRAINT  PRIMARY KEY (`installed_rank`) )|CREATE TABLE `test`.`flyway_schema_history` (     `installed_rank` INT NOT NULL,     `version` VARCHAR(50),     `description` VARCHAR(200) NOT NULL,     `type` VARCHAR(20) NOT NULL,     `script` VARCHAR(1000) NOT NULL,     `checksum` INT,     `installed_by` VARCHAR(100) NOT NULL,     `installed_on` TIMESTAMP NOT NULL DEFAULT CURRENT_TIMESTAMP,     `execution_time` INT NOT NULL,     `success` BOOL NOT NULL,     CONSTRAINT  PRIMARY KEY (`installed_rank`) )
1767868102718|22|statement|connection 0|url jdbc:mariadb://localhost:32769/test?user=test&password=***|CREATE INDEX `flyway_schema_history_s_idx` ON `test`.`flyway_schema_history` (`success`)|CREATE INDEX `flyway_schema_history_s_idx` ON `test`.`flyway_schema_history` (`success`)
1767868102718|0|commit|connection 0|url jdbc:mariadb://localhost:32769/test?user=test&password=***||
1767868102719|0|statement|connection 0|url jdbc:mariadb://localhost:32769/test?user=test&password=***|SELECT variable_name FROM information_schema.user_variables WHERE variable_value IS NOT NULL|SELECT variable_name FROM information_schema.user_variables WHERE variable_value IS NOT NULL
1767868102719|0|statement|connection 0|url jdbc:mariadb://localhost:32769/test?user=test&password=***|SET foreign_key_checks=?, sql_safe_updates=?|SET foreign_key_checks=1, sql_safe_updates=0
1767868102719|0|statement|connection 0|url jdbc:mariadb://localhost:32769/test?user=test&password=***|SELECT RELEASE_LOCK('Flyway--562162009')|SELECT RELEASE_LOCK('Flyway--562162009')
1767868102721|0|statement|connection 0|url jdbc:mariadb://localhost:32769/test?user=test&password=***|SELECT variable_name FROM information_schema.user_variables WHERE variable_value IS NOT NULL|SELECT variable_name FROM information_schema.user_variables WHERE variable_value IS NOT NULL
1767868102721|0|statement|connection 0|url jdbc:mariadb://localhost:32769/test?user=test&password=***|SET foreign_key_checks=?, sql_safe_updates=?|SET foreign_key_checks=1, sql_safe_updates=0
1767868102721|0|statement|connection 0|url jdbc:mariadb://localhost:32769/test?user=test&password=***|SELECT GET_LOCK(?,10)|SELECT GET_LOCK('Flyway--562162009',10)
1767868102722|0|statement|connection 0|url jdbc:mariadb://localhost:32769/test?user=test&password=***|SELECT variable_name FROM information_schema.user_variables WHERE variable_value IS NOT NULL|SELECT variable_name FROM information_schema.user_variables WHERE variable_value IS NOT NULL
1767868102722|0|statement|connection 0|url jdbc:mariadb://localhost:32769/test?user=test&password=***|SET foreign_key_checks=?, sql_safe_updates=?|SET foreign_key_checks=1, sql_safe_updates=0
1767868102728|4|statement|connection 0|url jdbc:mariadb://localhost:32769/test?user=test&password=***|SELECT `installed_rank`,`version`,`description`,`type`,`script`,`checksum`,`installed_on`,`installed_by`,`execution_time`,`success` FROM `test`.`flyway_schema_history` WHERE `installed_rank` > ? ORDER BY `installed_rank`|SELECT `installed_rank`,`version`,`description`,`type`,`script`,`checksum`,`installed_on`,`installed_by`,`execution_time`,`success` FROM `test`.`flyway_schema_history` WHERE `installed_rank` > -1 ORDER BY `installed_rank`
1767868102733|0|statement|connection 0|url jdbc:mariadb://localhost:32769/test?user=test&password=***|SELECT variable_name FROM information_schema.user_variables WHERE variable_value IS NOT NULL|SELECT variable_name FROM information_schema.user_variables WHERE variable_value IS NOT NULL
1767868102733|0|statement|connection 0|url jdbc:mariadb://localhost:32769/test?user=test&password=***|SET foreign_key_checks=?, sql_safe_updates=?|SET foreign_key_checks=1, sql_safe_updates=0
1767868102733|0|statement|connection 0|url jdbc:mariadb://localhost:32769/test?user=test&password=***|SELECT COUNT(1) FROM information_schema.schemata WHERE schema_name=? LIMIT 1|SELECT COUNT(1) FROM information_schema.schemata WHERE schema_name='test' LIMIT 1
1767868102744|10|statement|connection 0|url jdbc:mariadb://localhost:32769/test?user=test&password=***|CREATE TABLE `tb_clients` (                             `id` int(11) NOT NULL AUTO_INCREMENT,                             `username` varchar(50) NOT NULL,                             `password` varchar(255) NOT NULL,                             `name` varchar(50) NOT NULL,                             `last_name1` varchar(50) DEFAULT NULL,                             `last_name2` varchar(50) DEFAULT NULL,                             `dni` varchar(9) DEFAULT NULL,                             `api_key` varchar(100) DEFAULT NULL,                             `creation_date` timestamp NOT NULL DEFAULT CURRENT_TIMESTAMP,                             PRIMARY KEY (`id`) ) ENGINE=InnoDB AUTO_INCREMENT=1 DEFAULT CHARSET=utf8mb3 COLLATE=utf8mb3_unicode_ci|CREATE TABLE `tb_clients` (                             `id` int(11) NOT NULL AUTO_INCREMENT,                             `username` varchar(50) NOT NULL,                             `password` varchar(255) NOT NULL,                             `name` varchar(50) NOT NULL,                             `last_name1` varchar(50) DEFAULT NULL,                             `last_name2` varchar(50) DEFAULT NULL,                             `dni` varchar(9) DEFAULT NULL,                             `api_key` varchar(100) DEFAULT NULL,                             `creation_date` timestamp NOT NULL DEFAULT CURRENT_TIMESTAMP,                             PRIMARY KEY (`id`) ) ENGINE=InnoDB AUTO_INCREMENT=1 DEFAULT CHARSET=utf8mb3 COLLATE=utf8mb3_unicode_ci
1767868102745|0|statement|connection 0|url jdbc:mariadb://localhost:32769/test?user=test&password=***|SELECT variable_name FROM information_schema.user_variables WHERE variable_value IS NOT NULL|SELECT variable_name FROM information_schema.user_variables WHERE variable_value IS NOT NULL
1767868102745|0|statement|connection 0|url jdbc:mariadb://localhost:32769/test?user=test&password=***|SET foreign_key_checks=?, sql_safe_updates=?|SET foreign_key_checks=1, sql_safe_updates=0
1767868102746|0|statement|connection 0|url jdbc:mariadb://localhost:32769/test?user=test&password=***|SELECT `installed_rank`,`version`,`description`,`type`,`script`,`checksum`,`installed_on`,`installed_by`,`execution_time`,`success` FROM `test`.`flyway_schema_history` WHERE `installed_rank` > ? ORDER BY `installed_rank`|SELECT `installed_rank`,`version`,`description`,`type`,`script`,`checksum`,`installed_on`,`installed_by`,`execution_time`,`success` FROM `test`.`flyway_schema_history` WHERE `installed_rank` > -1 ORDER BY `installed_rank`
1767868102746|0|statement|connection 0|url jdbc:mariadb://localhost:32769/test?user=test&password=***|SELECT variable_name FROM information_schema.user_variables WHERE variable_value IS NOT NULL|SELECT variable_name FROM information_schema.user_variables WHERE variable_value IS NOT NULL
1767868102746|0|statement|connection 0|url jdbc:mariadb://localhost:32769/test?user=test&password=***|SET foreign_key_checks=?, sql_safe_updates=?|SET foreign_key_checks=1, sql_safe_updates=0
1767868102747|0|statement|connection 0|url jdbc:mariadb://localhost:32769/test?user=test&password=***|SELECT * FROM `test`.`flyway_schema_history` FOR UPDATE|SELECT * FROM `test`.`flyway_schema_history` FOR UPDATE
1767868102748|0|statement|connection 0|url jdbc:mariadb://localhost:32769/test?user=test&password=***|SELECT SUBSTRING_INDEX(USER(),'@',1)|SELECT SUBSTRING_INDEX(USER(),'@',1)
1767868102748|0|statement|connection 0|url jdbc:mariadb://localhost:32769/test?user=test&password=***|INSERT INTO `test`.`flyway_schema_history` (`installed_rank`, `version`, `description`, `type`, `script`, `checksum`, `installed_by`, `execution_time`, `success`) VALUES (?, ?, ?, ?, ?, ?, ?, ?, ?)|INSERT INTO `test`.`flyway_schema_history` (`installed_rank`, `version`, `description`, `type`, `script`, `checksum`, `installed_by`, `execution_time`, `success`) VALUES (1, '1', 'create tables', 'SQL', 'V1__create_tables.sql', -1213576462, 'test', 12, true)
1767868102750|1|commit|connection 0|url jdbc:mariadb://localhost:32769/test?user=test&password=***||
1767868102750|0|statement|connection 0|url jdbc:mariadb://localhost:32769/test?user=test&password=***|SELECT RELEASE_LOCK('Flyway--562162009')|SELECT RELEASE_LOCK('Flyway--562162009')
1767868102750|0|statement|connection 0|url jdbc:mariadb://localhost:32769/test?user=test&password=***|SELECT variable_name FROM information_schema.user_variables WHERE variable_value IS NOT NULL|SELECT variable_name FROM information_schema.user_variables WHERE variable_value IS NOT NULL
1767868102750|0|statement|connection 0|url jdbc:mariadb://localhost:32769/test?user=test&password=***|SET foreign_key_checks=?, sql_safe_updates=?|SET foreign_key_checks=1, sql_safe_updates=0
1767868102750|0|statement|connection 0|url jdbc:mariadb://localhost:32769/test?user=test&password=***|SELECT GET_LOCK(?,10)|SELECT GET_LOCK('Flyway--562162009',10)
1767868102750|0|statement|connection 0|url jdbc:mariadb://localhost:32769/test?user=test&password=***|SELECT variable_name FROM information_schema.user_variables WHERE variable_value IS NOT NULL|SELECT variable_name FROM information_schema.user_variables WHERE variable_value IS NOT NULL
1767868102750|0|statement|connection 0|url jdbc:mariadb://localhost:32769/test?user=test&password=***|SET foreign_key_checks=?, sql_safe_updates=?|SET foreign_key_checks=1, sql_safe_updates=0
1767868102751|0|statement|connection 0|url jdbc:mariadb://localhost:32769/test?user=test&password=***|SELECT `installed_rank`,`version`,`description`,`type`,`script`,`checksum`,`installed_on`,`installed_by`,`execution_time`,`success` FROM `test`.`flyway_schema_history` WHERE `installed_rank` > ? ORDER BY `installed_rank`|SELECT `installed_rank`,`version`,`description`,`type`,`script`,`checksum`,`installed_on`,`installed_by`,`execution_time`,`success` FROM `test`.`flyway_schema_history` WHERE `installed_rank` > -1 ORDER BY `installed_rank`
1767868102753|0|statement|connection 0|url jdbc:mariadb://localhost:32769/test?user=test&password=***|SELECT variable_name FROM information_schema.user_variables WHERE variable_value IS NOT NULL|SELECT variable_name FROM information_schema.user_variables WHERE variable_value IS NOT NULL
1767868102754|0|statement|connection 0|url jdbc:mariadb://localhost:32769/test?user=test&password=***|SET foreign_key_checks=?, sql_safe_updates=?|SET foreign_key_checks=1, sql_safe_updates=0
1767868102754|0|statement|connection 0|url jdbc:mariadb://localhost:32769/test?user=test&password=***|SELECT COUNT(1) FROM information_schema.schemata WHERE schema_name=? LIMIT 1|SELECT COUNT(1) FROM information_schema.schemata WHERE schema_name='test' LIMIT 1
1767868102754|0|statement|connection 0|url jdbc:mariadb://localhost:32769/test?user=test&password=***|INSERT INTO tb_clients (username, password, name, last_name1, last_name2, dni, api_key) VALUES     ('javier', '$argon2id$v=19$m=15360,t=2,p=1$IWkQZkJkfAWYmn4hvwAQUe61Z3C6+9PzHr5Uu9Qf2VqPHFu480qXQE9fyUhxGXEWrI8qNbchVbBi8D9XErCt8A$XjJrwUROra2ZyuYg5RLgVmTs1FpnvdtKcn6iD+5HyFw','Javier', 'Lopez', 'Gomez', '45904029K', 'gurt')|INSERT INTO tb_clients (username, password, name, last_name1, last_name2, dni, api_key) VALUES     ('javier', '$argon2id$v=19$m=15360,t=2,p=1$IWkQZkJkfAWYmn4hvwAQUe61Z3C6+9PzHr5Uu9Qf2VqPHFu480qXQE9fyUhxGXEWrI8qNbchVbBi8D9XErCt8A$XjJrwUROra2ZyuYg5RLgVmTs1FpnvdtKcn6iD+5HyFw','Javier', 'Lopez', 'Gomez', '45904029K', 'gurt')
1767868102755|0|statement|connection 0|url jdbc:mariadb://localhost:32769/test?user=test&password=***|SELECT variable_name FROM information_schema.user_variables WHERE variable_value IS NOT NULL|SELECT variable_name FROM information_schema.user_variables WHERE variable_value IS NOT NULL
1767868102755|0|statement|connection 0|url jdbc:mariadb://localhost:32769/test?user=test&password=***|SET foreign_key_checks=?, sql_safe_updates=?|SET foreign_key_checks=1, sql_safe_updates=0
1767868102755|0|statement|connection 0|url jdbc:mariadb://localhost:32769/test?user=test&password=***|SELECT `installed_rank`,`version`,`description`,`type`,`script`,`checksum`,`installed_on`,`installed_by`,`execution_time`,`success` FROM `test`.`flyway_schema_history` WHERE `installed_rank` > ? ORDER BY `installed_rank`|SELECT `installed_rank`,`version`,`description`,`type`,`script`,`checksum`,`installed_on`,`installed_by`,`execution_time`,`success` FROM `test`.`flyway_schema_history` WHERE `installed_rank` > 1 ORDER BY `installed_rank`
1767868102755|0|statement|connection 0|url jdbc:mariadb://localhost:32769/test?user=test&password=***|SELECT variable_name FROM information_schema.user_variables WHERE variable_value IS NOT NULL|SELECT variable_name FROM information_schema.user_variables WHERE variable_value IS NOT NULL
1767868102755|0|statement|connection 0|url jdbc:mariadb://localhost:32769/test?user=test&password=***|SET foreign_key_checks=?, sql_safe_updates=?|SET foreign_key_checks=1, sql_safe_updates=0
1767868102756|0|statement|connection 0|url jdbc:mariadb://localhost:32769/test?user=test&password=***|SELECT * FROM `test`.`flyway_schema_history` FOR UPDATE|SELECT * FROM `test`.`flyway_schema_history` FOR UPDATE
1767868102756|0|statement|connection 0|url jdbc:mariadb://localhost:32769/test?user=test&password=***|INSERT INTO `test`.`flyway_schema_history` (`installed_rank`, `version`, `description`, `type`, `script`, `checksum`, `installed_by`, `execution_time`, `success`) VALUES (?, ?, ?, ?, ?, ?, ?, ?, ?)|INSERT INTO `test`.`flyway_schema_history` (`installed_rank`, `version`, `description`, `type`, `script`, `checksum`, `installed_by`, `execution_time`, `success`) VALUES (2, '2', 'insert records', 'SQL', 'V2__insert_records.sql', 570314455, 'test', 1, true)
1767868102757|1|commit|connection 0|url jdbc:mariadb://localhost:32769/test?user=test&password=***||
1767868102758|0|statement|connection 0|url jdbc:mariadb://localhost:32769/test?user=test&password=***|SELECT RELEASE_LOCK('Flyway--562162009')|SELECT RELEASE_LOCK('Flyway--562162009')
1767868102758|0|statement|connection 0|url jdbc:mariadb://localhost:32769/test?user=test&password=***|SELECT variable_name FROM information_schema.user_variables WHERE variable_value IS NOT NULL|SELECT variable_name FROM information_schema.user_variables WHERE variable_value IS NOT NULL
1767868102758|0|statement|connection 0|url jdbc:mariadb://localhost:32769/test?user=test&password=***|SET foreign_key_checks=?, sql_safe_updates=?|SET foreign_key_checks=1, sql_safe_updates=0
1767868102758|0|statement|connection 0|url jdbc:mariadb://localhost:32769/test?user=test&password=***|SELECT GET_LOCK(?,10)|SELECT GET_LOCK('Flyway--562162009',10)
1767868102758|0|statement|connection 0|url jdbc:mariadb://localhost:32769/test?user=test&password=***|SELECT variable_name FROM information_schema.user_variables WHERE variable_value IS NOT NULL|SELECT variable_name FROM information_schema.user_variables WHERE variable_value IS NOT NULL
1767868102758|0|statement|connection 0|url jdbc:mariadb://localhost:32769/test?user=test&password=***|SET foreign_key_checks=?, sql_safe_updates=?|SET foreign_key_checks=1, sql_safe_updates=0
1767868102759|0|statement|connection 0|url jdbc:mariadb://localhost:32769/test?user=test&password=***|SELECT `installed_rank`,`version`,`description`,`type`,`script`,`checksum`,`installed_on`,`installed_by`,`execution_time`,`success` FROM `test`.`flyway_schema_history` WHERE `installed_rank` > ? ORDER BY `installed_rank`|SELECT `installed_rank`,`version`,`description`,`type`,`script`,`checksum`,`installed_on`,`installed_by`,`execution_time`,`success` FROM `test`.`flyway_schema_history` WHERE `installed_rank` > 1 ORDER BY `installed_rank`
1767868102759|0|statement|connection 0|url jdbc:mariadb://localhost:32769/test?user=test&password=***|SELECT RELEASE_LOCK('Flyway--562162009')|SELECT RELEASE_LOCK('Flyway--562162009')
1767868102761|0|statement|connection 0|url jdbc:mariadb://localhost:32769/test?user=test&password=***|SELECT variable_name FROM information_schema.user_variables WHERE variable_value IS NOT NULL|SELECT variable_name FROM information_schema.user_variables WHERE variable_value IS NOT NULL
1767868102762|0|statement|connection 0|url jdbc:mariadb://localhost:32769/test?user=test&password=***|SET foreign_key_checks=?, sql_safe_updates=?|SET foreign_key_checks=1, sql_safe_updates=0
1767868102762|0|commit|connection 0|url jdbc:mariadb://localhost:32769/test?user=test&password=***||
1767868104000|0|statement|connection 3|url jdbc:mariadb://localhost:32769/test?user=test&password=***|select count(cje1_0.id) from tb_clients cje1_0 where cje1_0.username=? and cje1_0.api_key=?|select count(cje1_0.id) from tb_clients cje1_0 where cje1_0.username='javier' and cje1_0.api_key='gurt'
1767868104016|0|rollback|connection 3|url jdbc:mariadb://localhost:32769/test?user=test&password=***||
1767868166169|2|statement|connection 0|url jdbc:mariadb://localhost:32771/test?user=test&password=***|SELECT @@GLOBAL.WSREP_ON|SELECT @@GLOBAL.WSREP_ON
1767868166170|0|statement|connection 0|url jdbc:mariadb://localhost:32771/test?user=test&password=***|SELECT event_name FROM information_schema.events LIMIT 1|SELECT event_name FROM information_schema.events LIMIT 1
1767868166172|0|statement|connection 0|url jdbc:mariadb://localhost:32771/test?user=test&password=***|SELECT DATABASE()|SELECT DATABASE()
1767868166172|0|statement|connection 0|url jdbc:mariadb://localhost:32771/test?user=test&password=***|SELECT version()|SELECT version()
1767868166173|0|statement|connection 0|url jdbc:mariadb://localhost:32771/test?user=test&password=***|SELECT variable_name FROM information_schema.user_variables WHERE variable_value IS NOT NULL|SELECT variable_name FROM information_schema.user_variables WHERE variable_value IS NOT NULL
1767868166173|0|statement|connection 0|url jdbc:mariadb://localhost:32771/test?user=test&password=***|SELECT @@foreign_key_checks|SELECT @@foreign_key_checks
1767868166173|0|statement|connection 0|url jdbc:mariadb://localhost:32771/test?user=test&password=***|SELECT @@sql_safe_updates|SELECT @@sql_safe_updates
1767868166173|0|statement|connection 0|url jdbc:mariadb://localhost:32771/test?user=test&password=***|SHOW DATABASES LIKE 'RDSAdmin';|SHOW DATABASES LIKE 'RDSAdmin';
1767868166173|0|statement|connection 0|url jdbc:mariadb://localhost:32771/test?user=test&password=***|SELECT DATABASE()|SELECT DATABASE()
1767868166174|0|statement|connection 0|url jdbc:mariadb://localhost:32771/test?user=test&password=***|SELECT DATABASE()|SELECT DATABASE()
1767868166174|0|statement|connection 0|url jdbc:mariadb://localhost:32771/test?user=test&password=***|SELECT SUBSTRING_INDEX(USER(),'@',1)|SELECT SUBSTRING_INDEX(USER(),'@',1)
1767868166179|0|statement|connection 0|url jdbc:mariadb://localhost:32771/test?user=test&password=***|SELECT COUNT(1) FROM information_schema.schemata WHERE schema_name=? LIMIT 1|SELECT COUNT(1) FROM information_schema.schemata WHERE schema_name='test' LIMIT 1
1767868166185|0|statement|connection 0|url jdbc:mariadb://localhost:32771/test?user=test&password=***|SELECT variable_name FROM information_schema.user_variables WHERE variable_value IS NOT NULL|SELECT variable_name FROM information_schema.user_variables WHERE variable_value IS NOT NULL
1767868166186|0|statement|connection 0|url jdbc:mariadb://localhost:32771/test?user=test&password=***|SET foreign_key_checks=?, sql_safe_updates=?|SET foreign_key_checks=1, sql_safe_updates=0
1767868166188|0|commit|connection 0|url jdbc:mariadb://localhost:32771/test?user=test&password=***||
1767868166190|0|statement|connection 0|url jdbc:mariadb://localhost:32771/test?user=test&password=***|SELECT COUNT(1) FROM information_schema.schemata WHERE schema_name=? LIMIT 1|SELECT COUNT(1) FROM information_schema.schemata WHERE schema_name='test' LIMIT 1
1767868166190|0|commit|connection 0|url jdbc:mariadb://localhost:32771/test?user=test&password=***||
1767868166190|0|statement|connection 0|url jdbc:mariadb://localhost:32771/test?user=test&password=***|SELECT variable_name FROM information_schema.user_variables WHERE variable_value IS NOT NULL|SELECT variable_name FROM information_schema.user_variables WHERE variable_value IS NOT NULL
1767868166190|0|statement|connection 0|url jdbc:mariadb://localhost:32771/test?user=test&password=***|SET foreign_key_checks=?, sql_safe_updates=?|SET foreign_key_checks=1, sql_safe_updates=0
1767868166190|0|statement|connection 0|url jdbc:mariadb://localhost:32771/test?user=test&password=***|SELECT COUNT(1) FROM information_schema.schemata WHERE schema_name=? LIMIT 1|SELECT COUNT(1) FROM information_schema.schemata WHERE schema_name='test' LIMIT 1
1767868166192|0|statement|connection 0|url jdbc:mariadb://localhost:32771/test?user=test&password=***|SELECT SUM(found) FROM ((SELECT 1 as found FROM information_schema.tables WHERE table_schema=?) UNION ALL (SELECT 1 as found FROM information_schema.views WHERE table_schema=? LIMIT 1) UNION ALL (SELECT 1 as found FROM information_schema.table_constraints WHERE table_schema=? LIMIT 1) UNION ALL (SELECT 1 as found FROM information_schema.triggers WHERE event_object_schema=?  LIMIT 1) UNION ALL (SELECT 1 as found FROM information_schema.routines WHERE routine_schema=? LIMIT 1) UNION ALL (SELECT 1 as found FROM information_schema.events WHERE event_schema=? LIMIT 1)) as all_found|SELECT SUM(found) FROM ((SELECT 1 as found FROM information_schema.tables WHERE table_schema='test') UNION ALL (SELECT 1 as found FROM information_schema.views WHERE table_schema='test' LIMIT 1) UNION ALL (SELECT 1 as found FROM information_schema.table_constraints WHERE table_schema='test' LIMIT 1) UNION ALL (SELECT 1 as found FROM information_schema.triggers WHERE event_object_schema='test'  LIMIT 1) UNION ALL (SELECT 1 as found FROM information_schema.routines WHERE routine_schema='test' LIMIT 1) UNION ALL (SELECT 1 as found FROM information_schema.events WHERE event_schema='test' LIMIT 1)) as all_found
1767868166192|0|statement|connection 0|url jdbc:mariadb://localhost:32771/test?user=test&password=***|SELECT GET_LOCK(?,10)|SELECT GET_LOCK('Flyway--562162009',10)
1767868166193|0|statement|connection 0|url jdbc:mariadb://localhost:32771/test?user=test&password=***|SELECT variable_name FROM information_schema.user_variables WHERE variable_value IS NOT NULL|SELECT variable_name FROM information_schema.user_variables WHERE variable_value IS NOT NULL
1767868166193|0|statement|connection 0|url jdbc:mariadb://localhost:32771/test?user=test&password=***|SET foreign_key_checks=?, sql_safe_updates=?|SET foreign_key_checks=1, sql_safe_updates=0
1767868166222|20|statement|connection 0|url jdbc:mariadb://localhost:32771/test?user=test&password=***|CREATE TABLE `test`.`flyway_schema_history` (     `installed_rank` INT NOT NULL,     `version` VARCHAR(50),     `description` VARCHAR(200) NOT NULL,     `type` VARCHAR(20) NOT NULL,     `script` VARCHAR(1000) NOT NULL,     `checksum` INT,     `installed_by` VARCHAR(100) NOT NULL,     `installed_on` TIMESTAMP NOT NULL DEFAULT CURRENT_TIMESTAMP,     `execution_time` INT NOT NULL,     `success` BOOL NOT NULL,     CONSTRAINT  PRIMARY KEY (`installed_rank`) )|CREATE TABLE `test`.`flyway_schema_history` (     `installed_rank` INT NOT NULL,     `version` VARCHAR(50),     `description` VARCHAR(200) NOT NULL,     `type` VARCHAR(20) NOT NULL,     `script` VARCHAR(1000) NOT NULL,     `checksum` INT,     `installed_by` VARCHAR(100) NOT NULL,     `installed_on` TIMESTAMP NOT NULL DEFAULT CURRENT_TIMESTAMP,     `execution_time` INT NOT NULL,     `success` BOOL NOT NULL,     CONSTRAINT  PRIMARY KEY (`installed_rank`) )
1767868166246|23|statement|connection 0|url jdbc:mariadb://localhost:32771/test?user=test&password=***|CREATE INDEX `flyway_schema_history_s_idx` ON `test`.`flyway_schema_history` (`success`)|CREATE INDEX `flyway_schema_history_s_idx` ON `test`.`flyway_schema_history` (`success`)
1767868166247|0|commit|connection 0|url jdbc:mariadb://localhost:32771/test?user=test&password=***||
1767868166247|0|statement|connection 0|url jdbc:mariadb://localhost:32771/test?user=test&password=***|SELECT variable_name FROM information_schema.user_variables WHERE variable_value IS NOT NULL|SELECT variable_name FROM information_schema.user_variables WHERE variable_value IS NOT NULL
1767868166247|0|statement|connection 0|url jdbc:mariadb://localhost:32771/test?user=test&password=***|SET foreign_key_checks=?, sql_safe_updates=?|SET foreign_key_checks=1, sql_safe_updates=0
1767868166248|0|statement|connection 0|url jdbc:mariadb://localhost:32771/test?user=test&password=***|SELECT RELEASE_LOCK('Flyway--562162009')|SELECT RELEASE_LOCK('Flyway--562162009')
1767868166250|0|statement|connection 0|url jdbc:mariadb://localhost:32771/test?user=test&password=***|SELECT variable_name FROM information_schema.user_variables WHERE variable_value IS NOT NULL|SELECT variable_name FROM information_schema.user_variables WHERE variable_value IS NOT NULL
1767868166250|0|statement|connection 0|url jdbc:mariadb://localhost:32771/test?user=test&password=***|SET foreign_key_checks=?, sql_safe_updates=?|SET foreign_key_checks=1, sql_safe_updates=0
1767868166250|0|statement|connection 0|url jdbc:mariadb://localhost:32771/test?user=test&password=***|SELECT GET_LOCK(?,10)|SELECT GET_LOCK('Flyway--562162009',10)
1767868166250|0|statement|connection 0|url jdbc:mariadb://localhost:32771/test?user=test&password=***|SELECT variable_name FROM information_schema.user_variables WHERE variable_value IS NOT NULL|SELECT variable_name FROM information_schema.user_variables WHERE variable_value IS NOT NULL
1767868166250|0|statement|connection 0|url jdbc:mariadb://localhost:32771/test?user=test&password=***|SET foreign_key_checks=?, sql_safe_updates=?|SET foreign_key_checks=1, sql_safe_updates=0
1767868166257|4|statement|connection 0|url jdbc:mariadb://localhost:32771/test?user=test&password=***|SELECT `installed_rank`,`version`,`description`,`type`,`script`,`checksum`,`installed_on`,`installed_by`,`execution_time`,`success` FROM `test`.`flyway_schema_history` WHERE `installed_rank` > ? ORDER BY `installed_rank`|SELECT `installed_rank`,`version`,`description`,`type`,`script`,`checksum`,`installed_on`,`installed_by`,`execution_time`,`success` FROM `test`.`flyway_schema_history` WHERE `installed_rank` > -1 ORDER BY `installed_rank`
1767868166261|0|statement|connection 0|url jdbc:mariadb://localhost:32771/test?user=test&password=***|SELECT variable_name FROM information_schema.user_variables WHERE variable_value IS NOT NULL|SELECT variable_name FROM information_schema.user_variables WHERE variable_value IS NOT NULL
1767868166261|0|statement|connection 0|url jdbc:mariadb://localhost:32771/test?user=test&password=***|SET foreign_key_checks=?, sql_safe_updates=?|SET foreign_key_checks=1, sql_safe_updates=0
1767868166261|0|statement|connection 0|url jdbc:mariadb://localhost:32771/test?user=test&password=***|SELECT COUNT(1) FROM information_schema.schemata WHERE schema_name=? LIMIT 1|SELECT COUNT(1) FROM information_schema.schemata WHERE schema_name='test' LIMIT 1
1767868166275|12|statement|connection 0|url jdbc:mariadb://localhost:32771/test?user=test&password=***|CREATE TABLE `tb_clients` (                             `id` int(11) NOT NULL AUTO_INCREMENT,                             `username` varchar(50) NOT NULL,                             `password` varchar(255) NOT NULL,                             `name` varchar(50) NOT NULL,                             `last_name1` varchar(50) DEFAULT NULL,                             `last_name2` varchar(50) DEFAULT NULL,                             `dni` varchar(9) DEFAULT NULL,                             `api_key` varchar(100) DEFAULT NULL,                             `creation_date` timestamp NOT NULL DEFAULT CURRENT_TIMESTAMP,                             PRIMARY KEY (`id`) ) ENGINE=InnoDB AUTO_INCREMENT=1 DEFAULT CHARSET=utf8mb3 COLLATE=utf8mb3_unicode_ci|CREATE TABLE `tb_clients` (                             `id` int(11) NOT NULL AUTO_INCREMENT,                             `username` varchar(50) NOT NULL,                             `password` varchar(255) NOT NULL,                             `name` varchar(50) NOT NULL,                             `last_name1` varchar(50) DEFAULT NULL,                             `last_name2` varchar(50) DEFAULT NULL,                             `dni` varchar(9) DEFAULT NULL,                             `api_key` varchar(100) DEFAULT NULL,                             `creation_date` timestamp NOT NULL DEFAULT CURRENT_TIMESTAMP,                             PRIMARY KEY (`id`) ) ENGINE=InnoDB AUTO_INCREMENT=1 DEFAULT CHARSET=utf8mb3 COLLATE=utf8mb3_unicode_ci
1767868166275|0|statement|connection 0|url jdbc:mariadb://localhost:32771/test?user=test&password=***|SELECT variable_name FROM information_schema.user_variables WHERE variable_value IS NOT NULL|SELECT variable_name FROM information_schema.user_variables WHERE variable_value IS NOT NULL
1767868166276|0|statement|connection 0|url jdbc:mariadb://localhost:32771/test?user=test&password=***|SET foreign_key_checks=?, sql_safe_updates=?|SET foreign_key_checks=1, sql_safe_updates=0
1767868166276|0|statement|connection 0|url jdbc:mariadb://localhost:32771/test?user=test&password=***|SELECT `installed_rank`,`version`,`description`,`type`,`script`,`checksum`,`installed_on`,`installed_by`,`execution_time`,`success` FROM `test`.`flyway_schema_history` WHERE `installed_rank` > ? ORDER BY `installed_rank`|SELECT `installed_rank`,`version`,`description`,`type`,`script`,`checksum`,`installed_on`,`installed_by`,`execution_time`,`success` FROM `test`.`flyway_schema_history` WHERE `installed_rank` > -1 ORDER BY `installed_rank`
1767868166277|0|statement|connection 0|url jdbc:mariadb://localhost:32771/test?user=test&password=***|SELECT variable_name FROM information_schema.user_variables WHERE variable_value IS NOT NULL|SELECT variable_name FROM information_schema.user_variables WHERE variable_value IS NOT NULL
1767868166277|0|statement|connection 0|url jdbc:mariadb://localhost:32771/test?user=test&password=***|SET foreign_key_checks=?, sql_safe_updates=?|SET foreign_key_checks=1, sql_safe_updates=0
1767868166277|0|statement|connection 0|url jdbc:mariadb://localhost:32771/test?user=test&password=***|SELECT * FROM `test`.`flyway_schema_history` FOR UPDATE|SELECT * FROM `test`.`flyway_schema_history` FOR UPDATE
1767868166278|0|statement|connection 0|url jdbc:mariadb://localhost:32771/test?user=test&password=***|SELECT SUBSTRING_INDEX(USER(),'@',1)|SELECT SUBSTRING_INDEX(USER(),'@',1)
1767868166279|0|statement|connection 0|url jdbc:mariadb://localhost:32771/test?user=test&password=***|INSERT INTO `test`.`flyway_schema_history` (`installed_rank`, `version`, `description`, `type`, `script`, `checksum`, `installed_by`, `execution_time`, `success`) VALUES (?, ?, ?, ?, ?, ?, ?, ?, ?)|INSERT INTO `test`.`flyway_schema_history` (`installed_rank`, `version`, `description`, `type`, `script`, `checksum`, `installed_by`, `execution_time`, `success`) VALUES (1, '1', 'create tables', 'SQL', 'V1__create_tables.sql', -1213576462, 'test', 14, true)
1767868166280|1|commit|connection 0|url jdbc:mariadb://localhost:32771/test?user=test&password=***||
1767868166280|0|statement|connection 0|url jdbc:mariadb://localhost:32771/test?user=test&password=***|SELECT RELEASE_LOCK('Flyway--562162009')|SELECT RELEASE_LOCK('Flyway--562162009')
1767868166281|0|statement|connection 0|url jdbc:mariadb://localhost:32771/test?user=test&password=***|SELECT variable_name FROM information_schema.user_variables WHERE variable_value IS NOT NULL|SELECT variable_name FROM information_schema.user_variables WHERE variable_value IS NOT NULL
1767868166281|0|statement|connection 0|url jdbc:mariadb://localhost:32771/test?user=test&password=***|SET foreign_key_checks=?, sql_safe_updates=?|SET foreign_key_checks=1, sql_safe_updates=0
1767868166281|0|statement|connection 0|url jdbc:mariadb://localhost:32771/test?user=test&password=***|SELECT GET_LOCK(?,10)|SELECT GET_LOCK('Flyway--562162009',10)
1767868166281|0|statement|connection 0|url jdbc:mariadb://localhost:32771/test?user=test&password=***|SELECT variable_name FROM information_schema.user_variables WHERE variable_value IS NOT NULL|SELECT variable_name FROM information_schema.user_variables WHERE variable_value IS NOT NULL
1767868166281|0|statement|connection 0|url jdbc:mariadb://localhost:32771/test?user=test&password=***|SET foreign_key_checks=?, sql_safe_updates=?|SET foreign_key_checks=1, sql_safe_updates=0
1767868166282|0|statement|connection 0|url jdbc:mariadb://localhost:32771/test?user=test&password=***|SELECT `installed_rank`,`version`,`description`,`type`,`script`,`checksum`,`installed_on`,`installed_by`,`execution_time`,`success` FROM `test`.`flyway_schema_history` WHERE `installed_rank` > ? ORDER BY `installed_rank`|SELECT `installed_rank`,`version`,`description`,`type`,`script`,`checksum`,`installed_on`,`installed_by`,`execution_time`,`success` FROM `test`.`flyway_schema_history` WHERE `installed_rank` > -1 ORDER BY `installed_rank`
1767868166284|0|statement|connection 0|url jdbc:mariadb://localhost:32771/test?user=test&password=***|SELECT variable_name FROM information_schema.user_variables WHERE variable_value IS NOT NULL|SELECT variable_name FROM information_schema.user_variables WHERE variable_value IS NOT NULL
1767868166285|0|statement|connection 0|url jdbc:mariadb://localhost:32771/test?user=test&password=***|SET foreign_key_checks=?, sql_safe_updates=?|SET foreign_key_checks=1, sql_safe_updates=0
1767868166285|0|statement|connection 0|url jdbc:mariadb://localhost:32771/test?user=test&password=***|SELECT COUNT(1) FROM information_schema.schemata WHERE schema_name=? LIMIT 1|SELECT COUNT(1) FROM information_schema.schemata WHERE schema_name='test' LIMIT 1
1767868166285|0|statement|connection 0|url jdbc:mariadb://localhost:32771/test?user=test&password=***|INSERT INTO tb_clients (username, password, name, last_name1, last_name2, dni, api_key) VALUES     ('javier', '$argon2id$v=19$m=15360,t=2,p=1$IWkQZkJkfAWYmn4hvwAQUe61Z3C6+9PzHr5Uu9Qf2VqPHFu480qXQE9fyUhxGXEWrI8qNbchVbBi8D9XErCt8A$XjJrwUROra2ZyuYg5RLgVmTs1FpnvdtKcn6iD+5HyFw','Javier', 'Lopez', 'Gomez', '45904029K', 'gurt')|INSERT INTO tb_clients (username, password, name, last_name1, last_name2, dni, api_key) VALUES     ('javier', '$argon2id$v=19$m=15360,t=2,p=1$IWkQZkJkfAWYmn4hvwAQUe61Z3C6+9PzHr5Uu9Qf2VqPHFu480qXQE9fyUhxGXEWrI8qNbchVbBi8D9XErCt8A$XjJrwUROra2ZyuYg5RLgVmTs1FpnvdtKcn6iD+5HyFw','Javier', 'Lopez', 'Gomez', '45904029K', 'gurt')
1767868166286|0|statement|connection 0|url jdbc:mariadb://localhost:32771/test?user=test&password=***|SELECT variable_name FROM information_schema.user_variables WHERE variable_value IS NOT NULL|SELECT variable_name FROM information_schema.user_variables WHERE variable_value IS NOT NULL
1767868166286|0|statement|connection 0|url jdbc:mariadb://localhost:32771/test?user=test&password=***|SET foreign_key_checks=?, sql_safe_updates=?|SET foreign_key_checks=1, sql_safe_updates=0
1767868166286|0|statement|connection 0|url jdbc:mariadb://localhost:32771/test?user=test&password=***|SELECT `installed_rank`,`version`,`description`,`type`,`script`,`checksum`,`installed_on`,`installed_by`,`execution_time`,`success` FROM `test`.`flyway_schema_history` WHERE `installed_rank` > ? ORDER BY `installed_rank`|SELECT `installed_rank`,`version`,`description`,`type`,`script`,`checksum`,`installed_on`,`installed_by`,`execution_time`,`success` FROM `test`.`flyway_schema_history` WHERE `installed_rank` > 1 ORDER BY `installed_rank`
1767868166287|0|statement|connection 0|url jdbc:mariadb://localhost:32771/test?user=test&password=***|SELECT variable_name FROM information_schema.user_variables WHERE variable_value IS NOT NULL|SELECT variable_name FROM information_schema.user_variables WHERE variable_value IS NOT NULL
1767868166287|0|statement|connection 0|url jdbc:mariadb://localhost:32771/test?user=test&password=***|SET foreign_key_checks=?, sql_safe_updates=?|SET foreign_key_checks=1, sql_safe_updates=0
1767868166287|0|statement|connection 0|url jdbc:mariadb://localhost:32771/test?user=test&password=***|SELECT * FROM `test`.`flyway_schema_history` FOR UPDATE|SELECT * FROM `test`.`flyway_schema_history` FOR UPDATE
1767868166287|0|statement|connection 0|url jdbc:mariadb://localhost:32771/test?user=test&password=***|INSERT INTO `test`.`flyway_schema_history` (`installed_rank`, `version`, `description`, `type`, `script`, `checksum`, `installed_by`, `execution_time`, `success`) VALUES (?, ?, ?, ?, ?, ?, ?, ?, ?)|INSERT INTO `test`.`flyway_schema_history` (`installed_rank`, `version`, `description`, `type`, `script`, `checksum`, `installed_by`, `execution_time`, `success`) VALUES (2, '2', 'insert records', 'SQL', 'V2__insert_records.sql', 570314455, 'test', 1, true)
1767868166289|1|commit|connection 0|url jdbc:mariadb://localhost:32771/test?user=test&password=***||
1767868166289|0|statement|connection 0|url jdbc:mariadb://localhost:32771/test?user=test&password=***|SELECT RELEASE_LOCK('Flyway--562162009')|SELECT RELEASE_LOCK('Flyway--562162009')
1767868166289|0|statement|connection 0|url jdbc:mariadb://localhost:32771/test?user=test&password=***|SELECT variable_name FROM information_schema.user_variables WHERE variable_value IS NOT NULL|SELECT variable_name FROM information_schema.user_variables WHERE variable_value IS NOT NULL
1767868166290|0|statement|connection 0|url jdbc:mariadb://localhost:32771/test?user=test&password=***|SET foreign_key_checks=?, sql_safe_updates=?|SET foreign_key_checks=1, sql_safe_updates=0
1767868166290|0|statement|connection 0|url jdbc:mariadb://localhost:32771/test?user=test&password=***|SELECT GET_LOCK(?,10)|SELECT GET_LOCK('Flyway--562162009',10)
1767868166290|0|statement|connection 0|url jdbc:mariadb://localhost:32771/test?user=test&password=***|SELECT variable_name FROM information_schema.user_variables WHERE variable_value IS NOT NULL|SELECT variable_name FROM information_schema.user_variables WHERE variable_value IS NOT NULL
1767868166290|0|statement|connection 0|url jdbc:mariadb://localhost:32771/test?user=test&password=***|SET foreign_key_checks=?, sql_safe_updates=?|SET foreign_key_checks=1, sql_safe_updates=0
1767868166290|0|statement|connection 0|url jdbc:mariadb://localhost:32771/test?user=test&password=***|SELECT `installed_rank`,`version`,`description`,`type`,`script`,`checksum`,`installed_on`,`installed_by`,`execution_time`,`success` FROM `test`.`flyway_schema_history` WHERE `installed_rank` > ? ORDER BY `installed_rank`|SELECT `installed_rank`,`version`,`description`,`type`,`script`,`checksum`,`installed_on`,`installed_by`,`execution_time`,`success` FROM `test`.`flyway_schema_history` WHERE `installed_rank` > 1 ORDER BY `installed_rank`
1767868166291|0|statement|connection 0|url jdbc:mariadb://localhost:32771/test?user=test&password=***|SELECT RELEASE_LOCK('Flyway--562162009')|SELECT RELEASE_LOCK('Flyway--562162009')
1767868166294|0|statement|connection 0|url jdbc:mariadb://localhost:32771/test?user=test&password=***|SELECT variable_name FROM information_schema.user_variables WHERE variable_value IS NOT NULL|SELECT variable_name FROM information_schema.user_variables WHERE variable_value IS NOT NULL
1767868166294|0|statement|connection 0|url jdbc:mariadb://localhost:32771/test?user=test&password=***|SET foreign_key_checks=?, sql_safe_updates=?|SET foreign_key_checks=1, sql_safe_updates=0
1767868166294|0|commit|connection 0|url jdbc:mariadb://localhost:32771/test?user=test&password=***||
1767868167684|0|statement|connection 3|url jdbc:mariadb://localhost:32771/test?user=test&password=***|select count(cje1_0.id) from tb_clients cje1_0 where cje1_0.username=? and cje1_0.api_key=?|select count(cje1_0.id) from tb_clients cje1_0 where cje1_0.username='javier' and cje1_0.api_key='gurt'
1767868167694|0|rollback|connection 3|url jdbc:mariadb://localhost:32771/test?user=test&password=***||
1767868167705|0|statement|connection 4|url jdbc:mariadb://localhost:32771/test?user=test&password=***|select count(cje1_0.id) from tb_clients cje1_0 where cje1_0.username=? and cje1_0.api_key=?|select count(cje1_0.id) from tb_clients cje1_0 where cje1_0.username='invalidUser' and cje1_0.api_key='invalidKey'
1767868167708|0|rollback|connection 4|url jdbc:mariadb://localhost:32771/test?user=test&password=***||
1767868251625|2|statement|connection 0|url jdbc:mariadb://localhost:32773/test?user=test&password=***|SELECT @@GLOBAL.WSREP_ON|SELECT @@GLOBAL.WSREP_ON
1767868251626|0|statement|connection 0|url jdbc:mariadb://localhost:32773/test?user=test&password=***|SELECT event_name FROM information_schema.events LIMIT 1|SELECT event_name FROM information_schema.events LIMIT 1
1767868251628|0|statement|connection 0|url jdbc:mariadb://localhost:32773/test?user=test&password=***|SELECT DATABASE()|SELECT DATABASE()
1767868251629|0|statement|connection 0|url jdbc:mariadb://localhost:32773/test?user=test&password=***|SELECT version()|SELECT version()
1767868251629|0|statement|connection 0|url jdbc:mariadb://localhost:32773/test?user=test&password=***|SELECT variable_name FROM information_schema.user_variables WHERE variable_value IS NOT NULL|SELECT variable_name FROM information_schema.user_variables WHERE variable_value IS NOT NULL
1767868251629|0|statement|connection 0|url jdbc:mariadb://localhost:32773/test?user=test&password=***|SELECT @@foreign_key_checks|SELECT @@foreign_key_checks
1767868251629|0|statement|connection 0|url jdbc:mariadb://localhost:32773/test?user=test&password=***|SELECT @@sql_safe_updates|SELECT @@sql_safe_updates
1767868251630|0|statement|connection 0|url jdbc:mariadb://localhost:32773/test?user=test&password=***|SHOW DATABASES LIKE 'RDSAdmin';|SHOW DATABASES LIKE 'RDSAdmin';
1767868251630|0|statement|connection 0|url jdbc:mariadb://localhost:32773/test?user=test&password=***|SELECT DATABASE()|SELECT DATABASE()
1767868251630|0|statement|connection 0|url jdbc:mariadb://localhost:32773/test?user=test&password=***|SELECT DATABASE()|SELECT DATABASE()
1767868251630|0|statement|connection 0|url jdbc:mariadb://localhost:32773/test?user=test&password=***|SELECT SUBSTRING_INDEX(USER(),'@',1)|SELECT SUBSTRING_INDEX(USER(),'@',1)
1767868251636|0|statement|connection 0|url jdbc:mariadb://localhost:32773/test?user=test&password=***|SELECT COUNT(1) FROM information_schema.schemata WHERE schema_name=? LIMIT 1|SELECT COUNT(1) FROM information_schema.schemata WHERE schema_name='test' LIMIT 1
1767868251641|0|statement|connection 0|url jdbc:mariadb://localhost:32773/test?user=test&password=***|SELECT variable_name FROM information_schema.user_variables WHERE variable_value IS NOT NULL|SELECT variable_name FROM information_schema.user_variables WHERE variable_value IS NOT NULL
1767868251642|0|statement|connection 0|url jdbc:mariadb://localhost:32773/test?user=test&password=***|SET foreign_key_checks=?, sql_safe_updates=?|SET foreign_key_checks=1, sql_safe_updates=0
1767868251643|0|commit|connection 0|url jdbc:mariadb://localhost:32773/test?user=test&password=***||
1767868251645|0|statement|connection 0|url jdbc:mariadb://localhost:32773/test?user=test&password=***|SELECT COUNT(1) FROM information_schema.schemata WHERE schema_name=? LIMIT 1|SELECT COUNT(1) FROM information_schema.schemata WHERE schema_name='test' LIMIT 1
1767868251645|0|commit|connection 0|url jdbc:mariadb://localhost:32773/test?user=test&password=***||
1767868251645|0|statement|connection 0|url jdbc:mariadb://localhost:32773/test?user=test&password=***|SELECT variable_name FROM information_schema.user_variables WHERE variable_value IS NOT NULL|SELECT variable_name FROM information_schema.user_variables WHERE variable_value IS NOT NULL
1767868251645|0|statement|connection 0|url jdbc:mariadb://localhost:32773/test?user=test&password=***|SET foreign_key_checks=?, sql_safe_updates=?|SET foreign_key_checks=1, sql_safe_updates=0
1767868251646|0|statement|connection 0|url jdbc:mariadb://localhost:32773/test?user=test&password=***|SELECT COUNT(1) FROM information_schema.schemata WHERE schema_name=? LIMIT 1|SELECT COUNT(1) FROM information_schema.schemata WHERE schema_name='test' LIMIT 1
1767868251647|1|statement|connection 0|url jdbc:mariadb://localhost:32773/test?user=test&password=***|SELECT SUM(found) FROM ((SELECT 1 as found FROM information_schema.tables WHERE table_schema=?) UNION ALL (SELECT 1 as found FROM information_schema.views WHERE table_schema=? LIMIT 1) UNION ALL (SELECT 1 as found FROM information_schema.table_constraints WHERE table_schema=? LIMIT 1) UNION ALL (SELECT 1 as found FROM information_schema.triggers WHERE event_object_schema=?  LIMIT 1) UNION ALL (SELECT 1 as found FROM information_schema.routines WHERE routine_schema=? LIMIT 1) UNION ALL (SELECT 1 as found FROM information_schema.events WHERE event_schema=? LIMIT 1)) as all_found|SELECT SUM(found) FROM ((SELECT 1 as found FROM information_schema.tables WHERE table_schema='test') UNION ALL (SELECT 1 as found FROM information_schema.views WHERE table_schema='test' LIMIT 1) UNION ALL (SELECT 1 as found FROM information_schema.table_constraints WHERE table_schema='test' LIMIT 1) UNION ALL (SELECT 1 as found FROM information_schema.triggers WHERE event_object_schema='test'  LIMIT 1) UNION ALL (SELECT 1 as found FROM information_schema.routines WHERE routine_schema='test' LIMIT 1) UNION ALL (SELECT 1 as found FROM information_schema.events WHERE event_schema='test' LIMIT 1)) as all_found
1767868251648|0|statement|connection 0|url jdbc:mariadb://localhost:32773/test?user=test&password=***|SELECT GET_LOCK(?,10)|SELECT GET_LOCK('Flyway--562162009',10)
1767868251648|0|statement|connection 0|url jdbc:mariadb://localhost:32773/test?user=test&password=***|SELECT variable_name FROM information_schema.user_variables WHERE variable_value IS NOT NULL|SELECT variable_name FROM information_schema.user_variables WHERE variable_value IS NOT NULL
1767868251648|0|statement|connection 0|url jdbc:mariadb://localhost:32773/test?user=test&password=***|SET foreign_key_checks=?, sql_safe_updates=?|SET foreign_key_checks=1, sql_safe_updates=0
1767868251668|12|statement|connection 0|url jdbc:mariadb://localhost:32773/test?user=test&password=***|CREATE TABLE `test`.`flyway_schema_history` (     `installed_rank` INT NOT NULL,     `version` VARCHAR(50),     `description` VARCHAR(200) NOT NULL,     `type` VARCHAR(20) NOT NULL,     `script` VARCHAR(1000) NOT NULL,     `checksum` INT,     `installed_by` VARCHAR(100) NOT NULL,     `installed_on` TIMESTAMP NOT NULL DEFAULT CURRENT_TIMESTAMP,     `execution_time` INT NOT NULL,     `success` BOOL NOT NULL,     CONSTRAINT  PRIMARY KEY (`installed_rank`) )|CREATE TABLE `test`.`flyway_schema_history` (     `installed_rank` INT NOT NULL,     `version` VARCHAR(50),     `description` VARCHAR(200) NOT NULL,     `type` VARCHAR(20) NOT NULL,     `script` VARCHAR(1000) NOT NULL,     `checksum` INT,     `installed_by` VARCHAR(100) NOT NULL,     `installed_on` TIMESTAMP NOT NULL DEFAULT CURRENT_TIMESTAMP,     `execution_time` INT NOT NULL,     `success` BOOL NOT NULL,     CONSTRAINT  PRIMARY KEY (`installed_rank`) )
1767868251693|24|statement|connection 0|url jdbc:mariadb://localhost:32773/test?user=test&password=***|CREATE INDEX `flyway_schema_history_s_idx` ON `test`.`flyway_schema_history` (`success`)|CREATE INDEX `flyway_schema_history_s_idx` ON `test`.`flyway_schema_history` (`success`)
1767868251694|0|commit|connection 0|url jdbc:mariadb://localhost:32773/test?user=test&password=***||
1767868251694|0|statement|connection 0|url jdbc:mariadb://localhost:32773/test?user=test&password=***|SELECT variable_name FROM information_schema.user_variables WHERE variable_value IS NOT NULL|SELECT variable_name FROM information_schema.user_variables WHERE variable_value IS NOT NULL
1767868251694|0|statement|connection 0|url jdbc:mariadb://localhost:32773/test?user=test&password=***|SET foreign_key_checks=?, sql_safe_updates=?|SET foreign_key_checks=1, sql_safe_updates=0
1767868251695|0|statement|connection 0|url jdbc:mariadb://localhost:32773/test?user=test&password=***|SELECT RELEASE_LOCK('Flyway--562162009')|SELECT RELEASE_LOCK('Flyway--562162009')
1767868251697|0|statement|connection 0|url jdbc:mariadb://localhost:32773/test?user=test&password=***|SELECT variable_name FROM information_schema.user_variables WHERE variable_value IS NOT NULL|SELECT variable_name FROM information_schema.user_variables WHERE variable_value IS NOT NULL
1767868251697|0|statement|connection 0|url jdbc:mariadb://localhost:32773/test?user=test&password=***|SET foreign_key_checks=?, sql_safe_updates=?|SET foreign_key_checks=1, sql_safe_updates=0
1767868251697|0|statement|connection 0|url jdbc:mariadb://localhost:32773/test?user=test&password=***|SELECT GET_LOCK(?,10)|SELECT GET_LOCK('Flyway--562162009',10)
1767868251698|0|statement|connection 0|url jdbc:mariadb://localhost:32773/test?user=test&password=***|SELECT variable_name FROM information_schema.user_variables WHERE variable_value IS NOT NULL|SELECT variable_name FROM information_schema.user_variables WHERE variable_value IS NOT NULL
1767868251698|0|statement|connection 0|url jdbc:mariadb://localhost:32773/test?user=test&password=***|SET foreign_key_checks=?, sql_safe_updates=?|SET foreign_key_checks=1, sql_safe_updates=0
1767868251704|4|statement|connection 0|url jdbc:mariadb://localhost:32773/test?user=test&password=***|SELECT `installed_rank`,`version`,`description`,`type`,`script`,`checksum`,`installed_on`,`installed_by`,`execution_time`,`success` FROM `test`.`flyway_schema_history` WHERE `installed_rank` > ? ORDER BY `installed_rank`|SELECT `installed_rank`,`version`,`description`,`type`,`script`,`checksum`,`installed_on`,`installed_by`,`execution_time`,`success` FROM `test`.`flyway_schema_history` WHERE `installed_rank` > -1 ORDER BY `installed_rank`
1767868251708|0|statement|connection 0|url jdbc:mariadb://localhost:32773/test?user=test&password=***|SELECT variable_name FROM information_schema.user_variables WHERE variable_value IS NOT NULL|SELECT variable_name FROM information_schema.user_variables WHERE variable_value IS NOT NULL
1767868251708|0|statement|connection 0|url jdbc:mariadb://localhost:32773/test?user=test&password=***|SET foreign_key_checks=?, sql_safe_updates=?|SET foreign_key_checks=1, sql_safe_updates=0
1767868251708|0|statement|connection 0|url jdbc:mariadb://localhost:32773/test?user=test&password=***|SELECT COUNT(1) FROM information_schema.schemata WHERE schema_name=? LIMIT 1|SELECT COUNT(1) FROM information_schema.schemata WHERE schema_name='test' LIMIT 1
1767868251719|10|statement|connection 0|url jdbc:mariadb://localhost:32773/test?user=test&password=***|CREATE TABLE `tb_clients` (                             `id` int(11) NOT NULL AUTO_INCREMENT,                             `username` varchar(50) NOT NULL,                             `password` varchar(255) NOT NULL,                             `name` varchar(50) NOT NULL,                             `last_name1` varchar(50) DEFAULT NULL,                             `last_name2` varchar(50) DEFAULT NULL,                             `dni` varchar(9) DEFAULT NULL,                             `api_key` varchar(100) DEFAULT NULL,                             `creation_date` timestamp NOT NULL DEFAULT CURRENT_TIMESTAMP,                             PRIMARY KEY (`id`) ) ENGINE=InnoDB AUTO_INCREMENT=1 DEFAULT CHARSET=utf8mb3 COLLATE=utf8mb3_unicode_ci|CREATE TABLE `tb_clients` (                             `id` int(11) NOT NULL AUTO_INCREMENT,                             `username` varchar(50) NOT NULL,                             `password` varchar(255) NOT NULL,                             `name` varchar(50) NOT NULL,                             `last_name1` varchar(50) DEFAULT NULL,                             `last_name2` varchar(50) DEFAULT NULL,                             `dni` varchar(9) DEFAULT NULL,                             `api_key` varchar(100) DEFAULT NULL,                             `creation_date` timestamp NOT NULL DEFAULT CURRENT_TIMESTAMP,                             PRIMARY KEY (`id`) ) ENGINE=InnoDB AUTO_INCREMENT=1 DEFAULT CHARSET=utf8mb3 COLLATE=utf8mb3_unicode_ci
1767868251720|0|statement|connection 0|url jdbc:mariadb://localhost:32773/test?user=test&password=***|SELECT variable_name FROM information_schema.user_variables WHERE variable_value IS NOT NULL|SELECT variable_name FROM information_schema.user_variables WHERE variable_value IS NOT NULL
1767868251720|0|statement|connection 0|url jdbc:mariadb://localhost:32773/test?user=test&password=***|SET foreign_key_checks=?, sql_safe_updates=?|SET foreign_key_checks=1, sql_safe_updates=0
1767868251721|0|statement|connection 0|url jdbc:mariadb://localhost:32773/test?user=test&password=***|SELECT `installed_rank`,`version`,`description`,`type`,`script`,`checksum`,`installed_on`,`installed_by`,`execution_time`,`success` FROM `test`.`flyway_schema_history` WHERE `installed_rank` > ? ORDER BY `installed_rank`|SELECT `installed_rank`,`version`,`description`,`type`,`script`,`checksum`,`installed_on`,`installed_by`,`execution_time`,`success` FROM `test`.`flyway_schema_history` WHERE `installed_rank` > -1 ORDER BY `installed_rank`
1767868251721|0|statement|connection 0|url jdbc:mariadb://localhost:32773/test?user=test&password=***|SELECT variable_name FROM information_schema.user_variables WHERE variable_value IS NOT NULL|SELECT variable_name FROM information_schema.user_variables WHERE variable_value IS NOT NULL
1767868251721|0|statement|connection 0|url jdbc:mariadb://localhost:32773/test?user=test&password=***|SET foreign_key_checks=?, sql_safe_updates=?|SET foreign_key_checks=1, sql_safe_updates=0
1767868251722|0|statement|connection 0|url jdbc:mariadb://localhost:32773/test?user=test&password=***|SELECT * FROM `test`.`flyway_schema_history` FOR UPDATE|SELECT * FROM `test`.`flyway_schema_history` FOR UPDATE
1767868251722|0|statement|connection 0|url jdbc:mariadb://localhost:32773/test?user=test&password=***|SELECT SUBSTRING_INDEX(USER(),'@',1)|SELECT SUBSTRING_INDEX(USER(),'@',1)
1767868251723|0|statement|connection 0|url jdbc:mariadb://localhost:32773/test?user=test&password=***|INSERT INTO `test`.`flyway_schema_history` (`installed_rank`, `version`, `description`, `type`, `script`, `checksum`, `installed_by`, `execution_time`, `success`) VALUES (?, ?, ?, ?, ?, ?, ?, ?, ?)|INSERT INTO `test`.`flyway_schema_history` (`installed_rank`, `version`, `description`, `type`, `script`, `checksum`, `installed_by`, `execution_time`, `success`) VALUES (1, '1', 'create tables', 'SQL', 'V1__create_tables.sql', -1213576462, 'test', 11, true)
1767868251724|1|commit|connection 0|url jdbc:mariadb://localhost:32773/test?user=test&password=***||
1767868251725|0|statement|connection 0|url jdbc:mariadb://localhost:32773/test?user=test&password=***|SELECT RELEASE_LOCK('Flyway--562162009')|SELECT RELEASE_LOCK('Flyway--562162009')
1767868251725|0|statement|connection 0|url jdbc:mariadb://localhost:32773/test?user=test&password=***|SELECT variable_name FROM information_schema.user_variables WHERE variable_value IS NOT NULL|SELECT variable_name FROM information_schema.user_variables WHERE variable_value IS NOT NULL
1767868251725|0|statement|connection 0|url jdbc:mariadb://localhost:32773/test?user=test&password=***|SET foreign_key_checks=?, sql_safe_updates=?|SET foreign_key_checks=1, sql_safe_updates=0
1767868251725|0|statement|connection 0|url jdbc:mariadb://localhost:32773/test?user=test&password=***|SELECT GET_LOCK(?,10)|SELECT GET_LOCK('Flyway--562162009',10)
1767868251725|0|statement|connection 0|url jdbc:mariadb://localhost:32773/test?user=test&password=***|SELECT variable_name FROM information_schema.user_variables WHERE variable_value IS NOT NULL|SELECT variable_name FROM information_schema.user_variables WHERE variable_value IS NOT NULL
1767868251726|0|statement|connection 0|url jdbc:mariadb://localhost:32773/test?user=test&password=***|SET foreign_key_checks=?, sql_safe_updates=?|SET foreign_key_checks=1, sql_safe_updates=0
1767868251726|0|statement|connection 0|url jdbc:mariadb://localhost:32773/test?user=test&password=***|SELECT `installed_rank`,`version`,`description`,`type`,`script`,`checksum`,`installed_on`,`installed_by`,`execution_time`,`success` FROM `test`.`flyway_schema_history` WHERE `installed_rank` > ? ORDER BY `installed_rank`|SELECT `installed_rank`,`version`,`description`,`type`,`script`,`checksum`,`installed_on`,`installed_by`,`execution_time`,`success` FROM `test`.`flyway_schema_history` WHERE `installed_rank` > -1 ORDER BY `installed_rank`
1767868251729|0|statement|connection 0|url jdbc:mariadb://localhost:32773/test?user=test&password=***|SELECT variable_name FROM information_schema.user_variables WHERE variable_value IS NOT NULL|SELECT variable_name FROM information_schema.user_variables WHERE variable_value IS NOT NULL
1767868251729|0|statement|connection 0|url jdbc:mariadb://localhost:32773/test?user=test&password=***|SET foreign_key_checks=?, sql_safe_updates=?|SET foreign_key_checks=1, sql_safe_updates=0
1767868251729|0|statement|connection 0|url jdbc:mariadb://localhost:32773/test?user=test&password=***|SELECT COUNT(1) FROM information_schema.schemata WHERE schema_name=? LIMIT 1|SELECT COUNT(1) FROM information_schema.schemata WHERE schema_name='test' LIMIT 1
1767868251729|0|statement|connection 0|url jdbc:mariadb://localhost:32773/test?user=test&password=***|INSERT INTO tb_clients (username, password, name, last_name1, last_name2, dni, api_key) VALUES     ('javier', '$argon2id$v=19$m=15360,t=2,p=1$IWkQZkJkfAWYmn4hvwAQUe61Z3C6+9PzHr5Uu9Qf2VqPHFu480qXQE9fyUhxGXEWrI8qNbchVbBi8D9XErCt8A$XjJrwUROra2ZyuYg5RLgVmTs1FpnvdtKcn6iD+5HyFw','Javier', 'Lopez', 'Gomez', '45904029K', 'gurt')|INSERT INTO tb_clients (username, password, name, last_name1, last_name2, dni, api_key) VALUES     ('javier', '$argon2id$v=19$m=15360,t=2,p=1$IWkQZkJkfAWYmn4hvwAQUe61Z3C6+9PzHr5Uu9Qf2VqPHFu480qXQE9fyUhxGXEWrI8qNbchVbBi8D9XErCt8A$XjJrwUROra2ZyuYg5RLgVmTs1FpnvdtKcn6iD+5HyFw','Javier', 'Lopez', 'Gomez', '45904029K', 'gurt')
1767868251730|0|statement|connection 0|url jdbc:mariadb://localhost:32773/test?user=test&password=***|SELECT variable_name FROM information_schema.user_variables WHERE variable_value IS NOT NULL|SELECT variable_name FROM information_schema.user_variables WHERE variable_value IS NOT NULL
1767868251730|0|statement|connection 0|url jdbc:mariadb://localhost:32773/test?user=test&password=***|SET foreign_key_checks=?, sql_safe_updates=?|SET foreign_key_checks=1, sql_safe_updates=0
1767868251730|0|statement|connection 0|url jdbc:mariadb://localhost:32773/test?user=test&password=***|SELECT `installed_rank`,`version`,`description`,`type`,`script`,`checksum`,`installed_on`,`installed_by`,`execution_time`,`success` FROM `test`.`flyway_schema_history` WHERE `installed_rank` > ? ORDER BY `installed_rank`|SELECT `installed_rank`,`version`,`description`,`type`,`script`,`checksum`,`installed_on`,`installed_by`,`execution_time`,`success` FROM `test`.`flyway_schema_history` WHERE `installed_rank` > 1 ORDER BY `installed_rank`
1767868251730|0|statement|connection 0|url jdbc:mariadb://localhost:32773/test?user=test&password=***|SELECT variable_name FROM information_schema.user_variables WHERE variable_value IS NOT NULL|SELECT variable_name FROM information_schema.user_variables WHERE variable_value IS NOT NULL
1767868251731|0|statement|connection 0|url jdbc:mariadb://localhost:32773/test?user=test&password=***|SET foreign_key_checks=?, sql_safe_updates=?|SET foreign_key_checks=1, sql_safe_updates=0
1767868251731|0|statement|connection 0|url jdbc:mariadb://localhost:32773/test?user=test&password=***|SELECT * FROM `test`.`flyway_schema_history` FOR UPDATE|SELECT * FROM `test`.`flyway_schema_history` FOR UPDATE
1767868251731|0|statement|connection 0|url jdbc:mariadb://localhost:32773/test?user=test&password=***|INSERT INTO `test`.`flyway_schema_history` (`installed_rank`, `version`, `description`, `type`, `script`, `checksum`, `installed_by`, `execution_time`, `success`) VALUES (?, ?, ?, ?, ?, ?, ?, ?, ?)|INSERT INTO `test`.`flyway_schema_history` (`installed_rank`, `version`, `description`, `type`, `script`, `checksum`, `installed_by`, `execution_time`, `success`) VALUES (2, '2', 'insert records', 'SQL', 'V2__insert_records.sql', 570314455, 'test', 1, true)
1767868251733|1|commit|connection 0|url jdbc:mariadb://localhost:32773/test?user=test&password=***||
1767868251733|0|statement|connection 0|url jdbc:mariadb://localhost:32773/test?user=test&password=***|SELECT RELEASE_LOCK('Flyway--562162009')|SELECT RELEASE_LOCK('Flyway--562162009')
1767868251733|0|statement|connection 0|url jdbc:mariadb://localhost:32773/test?user=test&password=***|SELECT variable_name FROM information_schema.user_variables WHERE variable_value IS NOT NULL|SELECT variable_name FROM information_schema.user_variables WHERE variable_value IS NOT NULL
1767868251733|0|statement|connection 0|url jdbc:mariadb://localhost:32773/test?user=test&password=***|SET foreign_key_checks=?, sql_safe_updates=?|SET foreign_key_checks=1, sql_safe_updates=0
1767868251733|0|statement|connection 0|url jdbc:mariadb://localhost:32773/test?user=test&password=***|SELECT GET_LOCK(?,10)|SELECT GET_LOCK('Flyway--562162009',10)
1767868251734|0|statement|connection 0|url jdbc:mariadb://localhost:32773/test?user=test&password=***|SELECT variable_name FROM information_schema.user_variables WHERE variable_value IS NOT NULL|SELECT variable_name FROM information_schema.user_variables WHERE variable_value IS NOT NULL
1767868251734|0|statement|connection 0|url jdbc:mariadb://localhost:32773/test?user=test&password=***|SET foreign_key_checks=?, sql_safe_updates=?|SET foreign_key_checks=1, sql_safe_updates=0
1767868251734|0|statement|connection 0|url jdbc:mariadb://localhost:32773/test?user=test&password=***|SELECT `installed_rank`,`version`,`description`,`type`,`script`,`checksum`,`installed_on`,`installed_by`,`execution_time`,`success` FROM `test`.`flyway_schema_history` WHERE `installed_rank` > ? ORDER BY `installed_rank`|SELECT `installed_rank`,`version`,`description`,`type`,`script`,`checksum`,`installed_on`,`installed_by`,`execution_time`,`success` FROM `test`.`flyway_schema_history` WHERE `installed_rank` > 1 ORDER BY `installed_rank`
1767868251734|0|statement|connection 0|url jdbc:mariadb://localhost:32773/test?user=test&password=***|SELECT RELEASE_LOCK('Flyway--562162009')|SELECT RELEASE_LOCK('Flyway--562162009')
1767868251737|0|statement|connection 0|url jdbc:mariadb://localhost:32773/test?user=test&password=***|SELECT variable_name FROM information_schema.user_variables WHERE variable_value IS NOT NULL|SELECT variable_name FROM information_schema.user_variables WHERE variable_value IS NOT NULL
1767868251737|0|statement|connection 0|url jdbc:mariadb://localhost:32773/test?user=test&password=***|SET foreign_key_checks=?, sql_safe_updates=?|SET foreign_key_checks=1, sql_safe_updates=0
1767868251737|0|commit|connection 0|url jdbc:mariadb://localhost:32773/test?user=test&password=***||
1767868253085|0|statement|connection 3|url jdbc:mariadb://localhost:32773/test?user=test&password=***|select count(cje1_0.id) from tb_clients cje1_0 where cje1_0.username=? and cje1_0.api_key=?|select count(cje1_0.id) from tb_clients cje1_0 where cje1_0.username='javier' and cje1_0.api_key='gurt'
1767868253095|0|rollback|connection 3|url jdbc:mariadb://localhost:32773/test?user=test&password=***||
1767868253106|0|statement|connection 4|url jdbc:mariadb://localhost:32773/test?user=test&password=***|select count(cje1_0.id) from tb_clients cje1_0 where cje1_0.username=? and cje1_0.api_key=?|select count(cje1_0.id) from tb_clients cje1_0 where cje1_0.username='invalidUser' and cje1_0.api_key='invalidKey'
1767868253108|0|rollback|connection 4|url jdbc:mariadb://localhost:32773/test?user=test&password=***||
